
/home/runner/work/exp-water-content-iiith/exp-water-content-iiith/experiment/simulation/js/main.js
    6:8   warning  'instrMsg' is assigned a value but never used  no-unused-vars
   12:3   warning  Unnecessary semicolon                          no-extra-semi
   17:35  warning  'index' is defined but never used              no-unused-vars
   22:3   warning  Unnecessary semicolon                          no-extra-semi
   66:3   warning  Unnecessary semicolon                          no-extra-semi
   72:3   warning  Unnecessary semicolon                          no-extra-semi
   80:4   warning  Unnecessary semicolon                          no-extra-semi
  116:4   warning  Unnecessary semicolon                          no-extra-semi
  117:3   warning  Unnecessary semicolon                          no-extra-semi
  125:4   warning  Unnecessary semicolon                          no-extra-semi
  154:4   warning  Unnecessary semicolon                          no-extra-semi
  158:4   warning  Unnecessary semicolon                          no-extra-semi
  159:3   warning  Unnecessary semicolon                          no-extra-semi
  169:4   warning  Unnecessary semicolon                          no-extra-semi
  173:4   warning  Unnecessary semicolon                          no-extra-semi
  174:3   warning  Unnecessary semicolon                          no-extra-semi
  181:4   warning  Unnecessary semicolon                          no-extra-semi
  236:4   warning  Unnecessary semicolon                          no-extra-semi
  237:3   warning  Unnecessary semicolon                          no-extra-semi
  256:3   warning  Unnecessary semicolon                          no-extra-semi
  270:3   warning  Unnecessary semicolon                          no-extra-semi
  275:30  warning  'ind' is defined but never used                no-unused-vars
  281:3   warning  Unnecessary semicolon                          no-extra-semi
  284:34  warning  'ind' is defined but never used                no-unused-vars
  286:47  warning  'i' is defined but never used                  no-unused-vars
  292:3   warning  Unnecessary semicolon                          no-extra-semi
  306:30  warning  'ind' is defined but never used                no-unused-vars
  362:3   warning  Unnecessary semicolon                          no-extra-semi
  383:3   warning  Unnecessary semicolon                          no-extra-semi
  391:8   warning  'fill' is assigned a value but never used      no-unused-vars
  391:26  warning  'border' is assigned a value but never used    no-unused-vars
  415:34  warning  'ind' is defined but never used                no-unused-vars
  417:42  warning  'event' is defined but never used              no-unused-vars
  436:50  warning  'event' is defined but never used              no-unused-vars
  461:3   warning  Unnecessary semicolon                          no-extra-semi
  476:35  warning  'ind' is defined but never used                no-unused-vars
  528:3   warning  Unnecessary semicolon                          no-extra-semi

✖ 37 problems (0 errors, 37 warnings)
  0 errors and 25 warnings potentially fixable with the `--fix` option.

